[+] Containers:
 |- [+] Container: /Game/FirstPerson/Maps/FirstPersonMap
 |   |- [+] ActorDescs:
 |   |   |- Guid:0136E03244623467C6D52DA7581315F5 BaseClass: NativeClass:/Script/Engine.StaticMeshActor Name:StaticMeshActor_UAID_00BE43BE4B3E273202_1979359160 Label:Cube7 SpatiallyLoaded:1 Bounds:IsValid=true, Min=(X=1680.000 Y=3437.500 Z=40.000), Max=(X=3180.000 Y=3462.500 Z=2040.000) RuntimeGrid:None EditorOnly:0 RuntimeOnly:0 HLODRelevant:1 ListedInSceneOutliner:1 IsMainWorldOnly:0
 |   |   |- Guid:0753515646245A26FF593DB1F903B16D BaseClass: NativeClass:/Script/Engine.StaticMeshActor Name:StaticMeshActor_UAID_004E01B86B12203202_1712917940 Label:Stairs4 SpatiallyLoaded:1 Bounds:IsValid=true, Min=(X=1800.000 Y=1650.000 Z=90.000), Max=(X=3000.000 Y=2150.000 Z=890.000) RuntimeGrid:None EditorOnly:0 RuntimeOnly:0 HLODRelevant:1 ListedInSceneOutliner:1 IsMainWorldOnly:0
 |   |   |- Guid:0F69616A488E25ED3B72C784C5126C03 BaseClass:/Game/FirstPerson/Blueprints/EnemySpawner.EnemySpawner_C NativeClass:/Script/Engine.Actor Name:EnemySpawner_C_UAID_004E01B86B12EC2F02_2016231665 Label:EnemySpawner SpatiallyLoaded:1 Bounds:IsValid=true, Min=(X=3770.000 Y=2040.000 Z=1340.000), Max=(X=3870.000 Y=2140.000 Z=1440.000) RuntimeGrid:None EditorOnly:0 RuntimeOnly:0 HLODRelevant:0 ListedInSceneOutliner:1 IsMainWorldOnly:0
 |   |   |- Guid:10CC26F040C62859BF9A4A9961310D59 BaseClass: NativeClass:/Script/Engine.StaticMeshActor Name:StaticMeshActor_UAID_004E01B86B121E3202_1957498577 Label:Stairs3 SpatiallyLoaded:1 Bounds:IsValid=true, Min=(X=1800.000 Y=1150.000 Z=90.000), Max=(X=3000.000 Y=1650.000 Z=890.000) RuntimeGrid:None EditorOnly:0 RuntimeOnly:0 HLODRelevant:1 ListedInSceneOutliner:1 IsMainWorldOnly:0
 |   |   |- Guid:13E003FF4DDA1CDE6572E08E13ABCB7A BaseClass: NativeClass:/Script/Engine.StaticMeshActor Name:StaticMeshActor_UAID_004E01B86B12203202_2065306947 Label:Cube9 SpatiallyLoaded:1 Bounds:IsValid=true, Min=(X=4987.500 Y=140.000 Z=40.000), Max=(X=5012.500 Y=3440.000 Z=2040.000) RuntimeGrid:None EditorOnly:0 RuntimeOnly:0 HLODRelevant:1 ListedInSceneOutliner:1 IsMainWorldOnly:0
 |   |   |- Guid:21CE7EAE4F2DF7A259A471B46AF9EFCE BaseClass:/Game/FirstPerson/Blueprints/EnemySpawner.EnemySpawner_C NativeClass:/Script/Engine.Actor Name:EnemySpawner_C_UAID_00BE43BE4B3E293202_1196751513 Label:EnemySpawner4 SpatiallyLoaded:1 Bounds:IsValid=true, Min=(X=4000.000 Y=1650.000 Z=1190.000), Max=(X=4100.000 Y=1750.000 Z=1290.000) RuntimeGrid:None EditorOnly:0 RuntimeOnly:0 HLODRelevant:0 ListedInSceneOutliner:1 IsMainWorldOnly:0
 |   |   |- Guid:29F94E1347AA90C07D29ED9CC41A8B2E BaseClass: NativeClass:/Script/Engine.StaticMeshActor Name:StaticMeshActor_UAID_004E01B86B12203202_2132540949 Label:Cube11 SpatiallyLoaded:1 Bounds:IsValid=true, Min=(X=2850.000 Y=3447.500 Z=40.000), Max=(X=4850.000 Y=3472.500 Z=2040.000) RuntimeGrid:None EditorOnly:0 RuntimeOnly:0 HLODRelevant:1 ListedInSceneOutliner:1 IsMainWorldOnly:0
 |   |   |- Guid:343AAD734B0A88C67BDD4284F769708A BaseClass: NativeClass:/Script/Engine.StaticMeshActor Name:StaticMeshActor_UAID_004E01B86B12203202_1762132944 Label:Stairs8 SpatiallyLoaded:1 Bounds:IsValid=true, Min=(X=1800.000 Y=2950.000 Z=90.000), Max=(X=3000.000 Y=3450.000 Z=890.000) RuntimeGrid:None EditorOnly:0 RuntimeOnly:0 HLODRelevant:1 ListedInSceneOutliner:1 IsMainWorldOnly:0
 |   |   |- Guid:359B25EE4518534C9BD7548F9A768983 BaseClass: NativeClass:/Script/Engine.StaticMeshActor Name:StaticMeshActor_UAID_00BE43BE4B3E273202_1979353159 Label:Cube5 SpatiallyLoaded:1 Bounds:IsValid=true, Min=(X=-370.000 Y=3437.500 Z=40.000), Max=(X=1130.000 Y=3462.500 Z=2040.000) RuntimeGrid:None EditorOnly:0 RuntimeOnly:0 HLODRelevant:1 ListedInSceneOutliner:1 IsMainWorldOnly:0
 |   |   |- Guid:399402534F33AA611FD183A884C226E1 BaseClass: NativeClass:/Script/NavigationSystem.NavMeshBoundsVolume Name:NavMeshBoundsVolume_UAID_004E01B86B12C02D02_1868785809 Label:NavMeshBoundsVolume SpatiallyLoaded:0 Bounds:IsValid=true, Min=(X=-1997450.000 Y=-1998820.000 Z=-4155.000), Max=(X=2002550.000 Y=2001180.000 Z=6095.000) RuntimeGrid:None EditorOnly:0 RuntimeOnly:0 HLODRelevant:0 ListedInSceneOutliner:1 IsMainWorldOnly:0
 |   |   |- Guid:3AD8E1B24C0654340FDC8E9471A5F5DE BaseClass: NativeClass:/Script/Engine.StaticMeshActor Name:StaticMeshActor_UAID_004E01B86B12203202_1762130942 Label:Stairs6 SpatiallyLoaded:1 Bounds:IsValid=true, Min=(X=1800.000 Y=1950.000 Z=90.000), Max=(X=3000.000 Y=2450.000 Z=890.000) RuntimeGrid:None EditorOnly:0 RuntimeOnly:0 HLODRelevant:1 ListedInSceneOutliner:1 IsMainWorldOnly:0
 |   |   |- Guid:3C6E321F4F7E01827B517CB89E66ED2B BaseClass:/Game/FirstPerson/Blueprints/EnemySpawner.EnemySpawner_C NativeClass:/Script/Engine.Actor Name:EnemySpawner_C_UAID_00BE43BE4B3E293202_1202275516 Label:EnemySpawner7 SpatiallyLoaded:1 Bounds:IsValid=true, Min=(X=3800.000 Y=1860.000 Z=1340.000), Max=(X=3900.000 Y=1960.000 Z=1440.000) RuntimeGrid:None EditorOnly:0 RuntimeOnly:0 HLODRelevant:0 ListedInSceneOutliner:1 IsMainWorldOnly:0
 |   |   |- Guid:4201C2F5495F859258D904B2271B4CB1 BaseClass: NativeClass:/Script/Engine.StaticMeshActor Name:StaticMeshActor_UAID_004E01B86B12203202_2095525948 Label:Cube10 SpatiallyLoaded:1 Bounds:IsValid=true, Min=(X=2850.000 Y=107.500 Z=40.000), Max=(X=4850.000 Y=132.500 Z=2040.000) RuntimeGrid:None EditorOnly:0 RuntimeOnly:0 HLODRelevant:1 ListedInSceneOutliner:1 IsMainWorldOnly:0
 |   |   |- Guid:45A55FE94E5C5C1D8AA4D183AACBBFE7 BaseClass: NativeClass:/Script/Engine.StaticMeshActor Name:StaticMeshActor_UAID_004E01B86B12203202_1403983935 Label:Cube3 SpatiallyLoaded:1 Bounds:IsValid=true, Min=(X=-80.000 Y=40.000 Z=47.500), Max=(X=1920.000 Y=3540.000 Z=72.500) RuntimeGrid:None EditorOnly:0 RuntimeOnly:0 HLODRelevant:1 ListedInSceneOutliner:1 IsMainWorldOnly:0
 |   |   |- Guid:5524F9E64B390BC304FB99A1B95E7356 BaseClass: NativeClass:/Script/Engine.StaticMeshActor Name:StaticMeshActor_UAID_004E01B86B121F3202_1577172755 Label:Cube SpatiallyLoaded:1 Bounds:IsValid=true, Min=(X=3010.000 Y=140.000 Z=877.500), Max=(X=5010.000 Y=3440.000 Z=902.500) RuntimeGrid:None EditorOnly:0 RuntimeOnly:0 HLODRelevant:1 ListedInSceneOutliner:1 IsMainWorldOnly:0
 |   |   |- Guid:5FE7584649BB6F09265329A6C57CFD0D BaseClass: NativeClass:/Script/Engine.VolumetricCloud Name:VolumetricCloud_0 Label:VolumetricCloud SpatiallyLoaded:0 Bounds:IsValid=true, Min=(X=0.000 Y=0.000 Z=820.000), Max=(X=0.000 Y=0.000 Z=820.000) RuntimeGrid:None EditorOnly:0 RuntimeOnly:0 HLODRelevant:0 ListedInSceneOutliner:1 IsMainWorldOnly:0 FolderPath:Lighting FolderGuid:0BA5F0A04EADB18E70D5B180D08FA34B
 |   |   |- Guid:61391D344900612A77DFC3BA3E354907 BaseClass: NativeClass:/Script/Engine.ExponentialHeightFog Name:ExponentialHeightFog_0 Label:ExponentialHeightFog SpatiallyLoaded:0 Bounds:IsValid=true, Min=(X=-5600.000 Y=-50.000 Z=-6850.000), Max=(X=-5600.000 Y=-50.000 Z=-6850.000) RuntimeGrid:None EditorOnly:0 RuntimeOnly:0 HLODRelevant:0 ListedInSceneOutliner:1 IsMainWorldOnly:0 FolderPath:Lighting FolderGuid:0BA5F0A04EADB18E70D5B180D08FA34B
 |   |   |- Guid:63BF18DF4084AC99A8BD98B9FC1C0BE1 BaseClass:/Game/FirstPerson/Blueprints/EnemySpawner.EnemySpawner_C NativeClass:/Script/Engine.Actor Name:EnemySpawner_C_UAID_004E01B86B12EF2F02_1084026195 Label:EnemySpawner3 SpatiallyLoaded:1 Bounds:IsValid=true, Min=(X=3750.000 Y=2350.000 Z=1260.000), Max=(X=3850.000 Y=2450.000 Z=1360.000) RuntimeGrid:None EditorOnly:0 RuntimeOnly:0 HLODRelevant:0 ListedInSceneOutliner:1 IsMainWorldOnly:0
 |   |   |- Guid:6FEFB3BD4EB37B849EF0D4AC80F83855 BaseClass: NativeClass:/Script/Engine.WorldDataLayers Name:WorldDataLayers Label:WorldDataLayers SpatiallyLoaded:0 Bounds:IsValid=true, Min=(X=0.000 Y=0.000 Z=0.000), Max=(X=0.000 Y=0.000 Z=0.000) RuntimeGrid:None EditorOnly:0 RuntimeOnly:0 HLODRelevant:0 ListedInSceneOutliner:1 IsMainWorldOnly:1
 |   |   |- Guid:763211164664FEFDB4D20D8D095B1D6F BaseClass:/Game/FirstPerson/Blueprints/EnemySpawner.EnemySpawner_C NativeClass:/Script/Engine.Actor Name:EnemySpawner_C_UAID_004E01B86B12EF2F02_1079048194 Label:EnemySpawner2 SpatiallyLoaded:1 Bounds:IsValid=true, Min=(X=3530.000 Y=2120.000 Z=1420.000), Max=(X=3630.000 Y=2220.000 Z=1520.000) RuntimeGrid:None EditorOnly:0 RuntimeOnly:0 HLODRelevant:0 ListedInSceneOutliner:1 IsMainWorldOnly:0
 |   |   |- Guid:798C8C3D4F5AF511CFF763886E550E72 BaseClass: NativeClass:/Script/NavigationSystem.RecastNavMesh Name:RecastNavMesh_UAID_004E01B86B12C02D02-Default Label:RecastNavMesh-Default SpatiallyLoaded:0 Bounds:IsValid=true, Min=(X=0.000 Y=0.000 Z=0.000), Max=(X=0.000 Y=0.000 Z=0.000) RuntimeGrid:None EditorOnly:0 RuntimeOnly:0 HLODRelevant:0 ListedInSceneOutliner:1 IsMainWorldOnly:0
 |   |   |- Guid:7DC6180347CE3E53E2115A806243FF17 BaseClass: NativeClass:/Script/Engine.StaticMeshActor Name:StaticMeshActor_UAID_004E01B86B12203202_1965687946 Label:Cube8 SpatiallyLoaded:1 Bounds:IsValid=true, Min=(X=-112.500 Y=140.000 Z=40.000), Max=(X=-87.500 Y=3440.000 Z=2040.000) RuntimeGrid:None EditorOnly:0 RuntimeOnly:0 HLODRelevant:1 ListedInSceneOutliner:1 IsMainWorldOnly:0
 |   |   |- Guid:883BFBDF47D8809B1277A1BE22EF154C BaseClass: NativeClass:/Script/Engine.StaticMeshActor Name:StaticMeshActor_UAID_004E01B86B12203202_1606866938 Label:Cube6 SpatiallyLoaded:1 Bounds:IsValid=true, Min=(X=1680.000 Y=107.500 Z=40.000), Max=(X=3180.000 Y=132.500 Z=2040.000) RuntimeGrid:None EditorOnly:0 RuntimeOnly:0 HLODRelevant:1 ListedInSceneOutliner:1 IsMainWorldOnly:0
 |   |   |- Guid:8EA7D91245480CB45C6184AD461B9302 BaseClass: NativeClass:/Script/Engine.StaticMeshActor Name:StaticMeshActor_UAID_004E01B86B121E3202_1856641576 Label:Stairs2 SpatiallyLoaded:1 Bounds:IsValid=true, Min=(X=1800.000 Y=650.000 Z=90.000), Max=(X=3000.000 Y=1150.000 Z=890.000) RuntimeGrid:None EditorOnly:0 RuntimeOnly:0 HLODRelevant:1 ListedInSceneOutliner:1 IsMainWorldOnly:0
 |   |   |- Guid:8F764BCB4A4FFD7EB6DE01A40BF344BE BaseClass:/Game/FirstPerson/Blueprints/EnemySpawner.EnemySpawner_C NativeClass:/Script/Engine.Actor Name:EnemySpawner_C_UAID_00BE43BE4B3E293202_1202278518 Label:EnemySpawner9 SpatiallyLoaded:1 Bounds:IsValid=true, Min=(X=3820.000 Y=1410.000 Z=1340.000), Max=(X=3920.000 Y=1510.000 Z=1440.000) RuntimeGrid:None EditorOnly:0 RuntimeOnly:0 HLODRelevant:0 ListedInSceneOutliner:1 IsMainWorldOnly:0
 |   |   |- Guid:8FAFDA6B4E11856B1DDBD9A252ADB1A4 BaseClass:/Game/FirstPerson/Blueprints/EnemySpawner.EnemySpawner_C NativeClass:/Script/Engine.Actor Name:EnemySpawner_C_UAID_00BE43BE4B3E293202_1196755514 Label:EnemySpawner5 SpatiallyLoaded:1 Bounds:IsValid=true, Min=(X=3780.000 Y=1530.000 Z=1190.000), Max=(X=3880.000 Y=1630.000 Z=1290.000) RuntimeGrid:None EditorOnly:0 RuntimeOnly:0 HLODRelevant:0 ListedInSceneOutliner:1 IsMainWorldOnly:0
 |   |   |- Guid:91C63FB14CD98AB7B8FBF4873FDE4B43 BaseClass: NativeClass:/Script/Engine.StaticMeshActor Name:StaticMeshActor_42 Label:SM_Ramp5 SpatiallyLoaded:1 Bounds:IsValid=true, Min=(X=1800.000 Y=1900.000 Z=0.000), Max=(X=2900.000 Y=2000.000 Z=200.000) RuntimeGrid:None EditorOnly:0 RuntimeOnly:0 HLODRelevant:1 ListedInSceneOutliner:1 IsMainWorldOnly:0 FolderPath:Block02 FolderGuid:275232DB4A90E8B2799B29BD69C59B9E
 |   |   |- Guid:929AEBFD491BFF8F99C88193401EBAD9 BaseClass: NativeClass:/Script/Engine.StaticMeshActor Name:StaticMeshActor_UAID_004E01B86B121E3202_1835283575 Label:Stairs SpatiallyLoaded:1 Bounds:IsValid=true, Min=(X=1800.000 Y=150.000 Z=90.000), Max=(X=3000.000 Y=650.000 Z=890.000) RuntimeGrid:None EditorOnly:0 RuntimeOnly:0 HLODRelevant:1 ListedInSceneOutliner:1 IsMainWorldOnly:0
 |   |   |- Guid:A354B1B24E617A525DC6B48CCDE2417E BaseClass: NativeClass:/Script/Engine.PlayerStart Name:PlayerStart_0 Label:PlayerStart SpatiallyLoaded:0 Bounds:IsValid=true, Min=(X=860.000 Y=810.000 Z=110.013), Max=(X=940.000 Y=890.000 Z=294.013) RuntimeGrid:None EditorOnly:0 RuntimeOnly:0 HLODRelevant:0 ListedInSceneOutliner:1 IsMainWorldOnly:0
 |   |   |- Guid:BD5C8ABB4636F5C74C138683F9C180EC BaseClass: NativeClass:/Script/Engine.StaticMeshActor Name:StaticMeshActor_UAID_004E01B86B12203202_1460067936 Label:Cube4 SpatiallyLoaded:1 Bounds:IsValid=true, Min=(X=-370.000 Y=107.500 Z=40.000), Max=(X=1130.000 Y=132.500 Z=2040.000) RuntimeGrid:None EditorOnly:0 RuntimeOnly:0 HLODRelevant:1 ListedInSceneOutliner:1 IsMainWorldOnly:0
 |   |   |- Guid:C0C56B9644AE3D40CAFF6A878DB29844 BaseClass: NativeClass:/Script/Engine.StaticMeshActor Name:StaticMeshActor_UAID_A4AE111137DC5EFB00_2001720423 Label:SM_SkySphere SpatiallyLoaded:0 Bounds:IsValid=true, Min=(X=-1638400.000 Y=-1638400.000 Z=-1638400.000), Max=(X=1638400.000 Y=1638400.000 Z=1638400.000) RuntimeGrid:None EditorOnly:0 RuntimeOnly:0 HLODRelevant:1 ListedInSceneOutliner:1 IsMainWorldOnly:0 FolderPath:Lighting FolderGuid:0BA5F0A04EADB18E70D5B180D08FA34B
 |   |   |- Guid:C22CE07C4B87D685137FDBBC10FC92C6 BaseClass: NativeClass:/Script/Engine.SkyAtmosphere Name:SkyAtmosphere_0 Label:SkyAtmosphere SpatiallyLoaded:0 Bounds:IsValid=true, Min=(X=0.000 Y=0.000 Z=1020.000), Max=(X=0.000 Y=0.000 Z=1020.000) RuntimeGrid:None EditorOnly:0 RuntimeOnly:0 HLODRelevant:0 ListedInSceneOutliner:1 IsMainWorldOnly:0 FolderPath:Lighting FolderGuid:0BA5F0A04EADB18E70D5B180D08FA34B
 |   |   |- Guid:CB45521448DBBD64DF44F58DEF6DA338 BaseClass:/Game/FirstPerson/Blueprints/room_parent_Child_room_spawn.room_parent_Child_room_spawn_C NativeClass:/Script/Engine.Actor Name:room_parent_Child_kitchen1_C_UAID_004E01B86B12B92D02_1985499575 Label:room_parent_Child_kitchen1 SpatiallyLoaded:1 Bounds:IsValid=true, Min=(X=856.640 Y=-983.360 Z=-22.000), Max=(X=2050.000 Y=183.360 Z=740.000) RuntimeGrid:None EditorOnly:0 RuntimeOnly:0 HLODRelevant:0 ListedInSceneOutliner:1 IsMainWorldOnly:0
 |   |   |- Guid:CE8D82634660FCDB3120E2B8D547C533 BaseClass: NativeClass:/Script/Engine.PostProcessVolume Name:PostProcessVolume_0 Label:PostProcessVolume SpatiallyLoaded:0 Bounds:IsValid=true, Min=(X=0.000 Y=0.000 Z=400.000), Max=(X=200.000 Y=200.000 Z=600.000) RuntimeGrid:None EditorOnly:0 RuntimeOnly:0 HLODRelevant:0 ListedInSceneOutliner:1 IsMainWorldOnly:0 FolderPath:Lighting FolderGuid:0BA5F0A04EADB18E70D5B180D08FA34B
 |   |   |- Guid:DA24A7CE4BC7FD840C4FC38ADEA88B31 BaseClass:/Game/FirstPerson/Blueprints/EnemySpawner.EnemySpawner_C NativeClass:/Script/Engine.Actor Name:EnemySpawner_C_UAID_00BE43BE4B3E293202_1202277517 Label:EnemySpawner8 SpatiallyLoaded:1 Bounds:IsValid=true, Min=(X=3580.000 Y=1740.000 Z=1340.000), Max=(X=3680.000 Y=1840.000 Z=1440.000) RuntimeGrid:None EditorOnly:0 RuntimeOnly:0 HLODRelevant:0 ListedInSceneOutliner:1 IsMainWorldOnly:0
 |   |   |- Guid:E5320C1B4FD9764CE7B54D8487AEC613 BaseClass: NativeClass:/Script/Engine.SkyLight Name:SkyLight_0 Label:SkyLight SpatiallyLoaded:0 Bounds:IsValid=true, Min=(X=0.000 Y=0.000 Z=690.000), Max=(X=0.000 Y=0.000 Z=690.000) RuntimeGrid:None EditorOnly:0 RuntimeOnly:0 HLODRelevant:0 ListedInSceneOutliner:1 IsMainWorldOnly:0 FolderPath:Lighting FolderGuid:0BA5F0A04EADB18E70D5B180D08FA34B
 |   |   |- Guid:EE66F4454A4A9F99393F559AB739C05E BaseClass:/Game/FirstPerson/Blueprints/BP_Pickup_Rifle.BP_Pickup_Rifle_C NativeClass:/Script/Engine.Actor Name:BP_Rifle_C_1 Label:BP_Pickup_Rifle SpatiallyLoaded:1 Bounds:IsValid=true, Min=(X=868.000 Y=818.000 Z=154.000), Max=(X=932.000 Y=907.440 Z=218.000) RuntimeGrid:None EditorOnly:0 RuntimeOnly:0 HLODRelevant:0 ListedInSceneOutliner:1 IsMainWorldOnly:0
 |   |   |- Guid:F109DDF34098232B6349278F8CD553A9 BaseClass:/Game/FirstPerson/Blueprints/EnemySpawner.EnemySpawner_C NativeClass:/Script/Engine.Actor Name:EnemySpawner_C_UAID_00BE43BE4B3E293202_1196757515 Label:EnemySpawner6 SpatiallyLoaded:1 Bounds:IsValid=true, Min=(X=4020.000 Y=1200.000 Z=1190.000), Max=(X=4120.000 Y=1300.000 Z=1290.000) RuntimeGrid:None EditorOnly:0 RuntimeOnly:0 HLODRelevant:0 ListedInSceneOutliner:1 IsMainWorldOnly:0
 |   |   |- Guid:F13C7FAB4B15C12FB16217932CE05D0E BaseClass: NativeClass:/Script/Engine.StaticMeshActor Name:StaticMeshActor_UAID_004E01B86B12203202_1762131943 Label:Stairs7 SpatiallyLoaded:1 Bounds:IsValid=true, Min=(X=1800.000 Y=2450.000 Z=90.000), Max=(X=3000.000 Y=2950.000 Z=890.000) RuntimeGrid:None EditorOnly:0 RuntimeOnly:0 HLODRelevant:1 ListedInSceneOutliner:1 IsMainWorldOnly:0
 |   |   |- Guid:F80621C9446867154938FE81375207DA BaseClass: NativeClass:/Script/Engine.DirectionalLight Name:DirectionalLight_1 Label:DirectionalLight SpatiallyLoaded:0 Bounds:IsValid=true, Min=(X=-1048576.000 Y=-1048576.000 Z=-1048576.000), Max=(X=1048576.000 Y=1048576.000 Z=1048576.000) RuntimeGrid:None EditorOnly:0 RuntimeOnly:0 HLODRelevant:0 ListedInSceneOutliner:1 IsMainWorldOnly:0 FolderPath:Lighting FolderGuid:0BA5F0A04EADB18E70D5B180D08FA34B
 |   |- [+] Clusters:
 |   |   |- [+] [  0]
 |   |   |   |- Guid:0136E03244623467C6D52DA7581315F5 BaseClass: NativeClass:/Script/Engine.StaticMeshActor Name:StaticMeshActor_UAID_00BE43BE4B3E273202_1979359160 Label:Cube7 SpatiallyLoaded:1 Bounds:IsValid=true, Min=(X=1680.000 Y=3437.500 Z=40.000), Max=(X=3180.000 Y=3462.500 Z=2040.000) RuntimeGrid:None EditorOnly:0 RuntimeOnly:0 HLODRelevant:1 ListedInSceneOutliner:1 IsMainWorldOnly:0
 |   |   |- [+] [  1]
 |   |   |   |- Guid:0753515646245A26FF593DB1F903B16D BaseClass: NativeClass:/Script/Engine.StaticMeshActor Name:StaticMeshActor_UAID_004E01B86B12203202_1712917940 Label:Stairs4 SpatiallyLoaded:1 Bounds:IsValid=true, Min=(X=1800.000 Y=1650.000 Z=90.000), Max=(X=3000.000 Y=2150.000 Z=890.000) RuntimeGrid:None EditorOnly:0 RuntimeOnly:0 HLODRelevant:1 ListedInSceneOutliner:1 IsMainWorldOnly:0
 |   |   |- [+] [  2]
 |   |   |   |- Guid:0F69616A488E25ED3B72C784C5126C03 BaseClass:/Game/FirstPerson/Blueprints/EnemySpawner.EnemySpawner_C NativeClass:/Script/Engine.Actor Name:EnemySpawner_C_UAID_004E01B86B12EC2F02_2016231665 Label:EnemySpawner SpatiallyLoaded:1 Bounds:IsValid=true, Min=(X=3770.000 Y=2040.000 Z=1340.000), Max=(X=3870.000 Y=2140.000 Z=1440.000) RuntimeGrid:None EditorOnly:0 RuntimeOnly:0 HLODRelevant:0 ListedInSceneOutliner:1 IsMainWorldOnly:0
 |   |   |- [+] [  3]
 |   |   |   |- Guid:10CC26F040C62859BF9A4A9961310D59 BaseClass: NativeClass:/Script/Engine.StaticMeshActor Name:StaticMeshActor_UAID_004E01B86B121E3202_1957498577 Label:Stairs3 SpatiallyLoaded:1 Bounds:IsValid=true, Min=(X=1800.000 Y=1150.000 Z=90.000), Max=(X=3000.000 Y=1650.000 Z=890.000) RuntimeGrid:None EditorOnly:0 RuntimeOnly:0 HLODRelevant:1 ListedInSceneOutliner:1 IsMainWorldOnly:0
 |   |   |- [+] [  4]
 |   |   |   |- Guid:13E003FF4DDA1CDE6572E08E13ABCB7A BaseClass: NativeClass:/Script/Engine.StaticMeshActor Name:StaticMeshActor_UAID_004E01B86B12203202_2065306947 Label:Cube9 SpatiallyLoaded:1 Bounds:IsValid=true, Min=(X=4987.500 Y=140.000 Z=40.000), Max=(X=5012.500 Y=3440.000 Z=2040.000) RuntimeGrid:None EditorOnly:0 RuntimeOnly:0 HLODRelevant:1 ListedInSceneOutliner:1 IsMainWorldOnly:0
 |   |   |- [+] [  5]
 |   |   |   |- Guid:21CE7EAE4F2DF7A259A471B46AF9EFCE BaseClass:/Game/FirstPerson/Blueprints/EnemySpawner.EnemySpawner_C NativeClass:/Script/Engine.Actor Name:EnemySpawner_C_UAID_00BE43BE4B3E293202_1196751513 Label:EnemySpawner4 SpatiallyLoaded:1 Bounds:IsValid=true, Min=(X=4000.000 Y=1650.000 Z=1190.000), Max=(X=4100.000 Y=1750.000 Z=1290.000) RuntimeGrid:None EditorOnly:0 RuntimeOnly:0 HLODRelevant:0 ListedInSceneOutliner:1 IsMainWorldOnly:0
 |   |   |- [+] [  6]
 |   |   |   |- Guid:29F94E1347AA90C07D29ED9CC41A8B2E BaseClass: NativeClass:/Script/Engine.StaticMeshActor Name:StaticMeshActor_UAID_004E01B86B12203202_2132540949 Label:Cube11 SpatiallyLoaded:1 Bounds:IsValid=true, Min=(X=2850.000 Y=3447.500 Z=40.000), Max=(X=4850.000 Y=3472.500 Z=2040.000) RuntimeGrid:None EditorOnly:0 RuntimeOnly:0 HLODRelevant:1 ListedInSceneOutliner:1 IsMainWorldOnly:0
 |   |   |- [+] [  7]
 |   |   |   |- Guid:343AAD734B0A88C67BDD4284F769708A BaseClass: NativeClass:/Script/Engine.StaticMeshActor Name:StaticMeshActor_UAID_004E01B86B12203202_1762132944 Label:Stairs8 SpatiallyLoaded:1 Bounds:IsValid=true, Min=(X=1800.000 Y=2950.000 Z=90.000), Max=(X=3000.000 Y=3450.000 Z=890.000) RuntimeGrid:None EditorOnly:0 RuntimeOnly:0 HLODRelevant:1 ListedInSceneOutliner:1 IsMainWorldOnly:0
 |   |   |- [+] [  8]
 |   |   |   |- Guid:359B25EE4518534C9BD7548F9A768983 BaseClass: NativeClass:/Script/Engine.StaticMeshActor Name:StaticMeshActor_UAID_00BE43BE4B3E273202_1979353159 Label:Cube5 SpatiallyLoaded:1 Bounds:IsValid=true, Min=(X=-370.000 Y=3437.500 Z=40.000), Max=(X=1130.000 Y=3462.500 Z=2040.000) RuntimeGrid:None EditorOnly:0 RuntimeOnly:0 HLODRelevant:1 ListedInSceneOutliner:1 IsMainWorldOnly:0
 |   |   |- [+] [  9]
 |   |   |   |- Guid:399402534F33AA611FD183A884C226E1 BaseClass: NativeClass:/Script/NavigationSystem.NavMeshBoundsVolume Name:NavMeshBoundsVolume_UAID_004E01B86B12C02D02_1868785809 Label:NavMeshBoundsVolume SpatiallyLoaded:0 Bounds:IsValid=true, Min=(X=-1997450.000 Y=-1998820.000 Z=-4155.000), Max=(X=2002550.000 Y=2001180.000 Z=6095.000) RuntimeGrid:None EditorOnly:0 RuntimeOnly:0 HLODRelevant:0 ListedInSceneOutliner:1 IsMainWorldOnly:0
 |   |   |- [+] [ 10]
 |   |   |   |- Guid:3AD8E1B24C0654340FDC8E9471A5F5DE BaseClass: NativeClass:/Script/Engine.StaticMeshActor Name:StaticMeshActor_UAID_004E01B86B12203202_1762130942 Label:Stairs6 SpatiallyLoaded:1 Bounds:IsValid=true, Min=(X=1800.000 Y=1950.000 Z=90.000), Max=(X=3000.000 Y=2450.000 Z=890.000) RuntimeGrid:None EditorOnly:0 RuntimeOnly:0 HLODRelevant:1 ListedInSceneOutliner:1 IsMainWorldOnly:0
 |   |   |- [+] [ 11]
 |   |   |   |- Guid:3C6E321F4F7E01827B517CB89E66ED2B BaseClass:/Game/FirstPerson/Blueprints/EnemySpawner.EnemySpawner_C NativeClass:/Script/Engine.Actor Name:EnemySpawner_C_UAID_00BE43BE4B3E293202_1202275516 Label:EnemySpawner7 SpatiallyLoaded:1 Bounds:IsValid=true, Min=(X=3800.000 Y=1860.000 Z=1340.000), Max=(X=3900.000 Y=1960.000 Z=1440.000) RuntimeGrid:None EditorOnly:0 RuntimeOnly:0 HLODRelevant:0 ListedInSceneOutliner:1 IsMainWorldOnly:0
 |   |   |- [+] [ 12]
 |   |   |   |- Guid:4201C2F5495F859258D904B2271B4CB1 BaseClass: NativeClass:/Script/Engine.StaticMeshActor Name:StaticMeshActor_UAID_004E01B86B12203202_2095525948 Label:Cube10 SpatiallyLoaded:1 Bounds:IsValid=true, Min=(X=2850.000 Y=107.500 Z=40.000), Max=(X=4850.000 Y=132.500 Z=2040.000) RuntimeGrid:None EditorOnly:0 RuntimeOnly:0 HLODRelevant:1 ListedInSceneOutliner:1 IsMainWorldOnly:0
 |   |   |- [+] [ 13]
 |   |   |   |- Guid:45A55FE94E5C5C1D8AA4D183AACBBFE7 BaseClass: NativeClass:/Script/Engine.StaticMeshActor Name:StaticMeshActor_UAID_004E01B86B12203202_1403983935 Label:Cube3 SpatiallyLoaded:1 Bounds:IsValid=true, Min=(X=-80.000 Y=40.000 Z=47.500), Max=(X=1920.000 Y=3540.000 Z=72.500) RuntimeGrid:None EditorOnly:0 RuntimeOnly:0 HLODRelevant:1 ListedInSceneOutliner:1 IsMainWorldOnly:0
 |   |   |- [+] [ 14]
 |   |   |   |- Guid:5524F9E64B390BC304FB99A1B95E7356 BaseClass: NativeClass:/Script/Engine.StaticMeshActor Name:StaticMeshActor_UAID_004E01B86B121F3202_1577172755 Label:Cube SpatiallyLoaded:1 Bounds:IsValid=true, Min=(X=3010.000 Y=140.000 Z=877.500), Max=(X=5010.000 Y=3440.000 Z=902.500) RuntimeGrid:None EditorOnly:0 RuntimeOnly:0 HLODRelevant:1 ListedInSceneOutliner:1 IsMainWorldOnly:0
 |   |   |- [+] [ 15]
 |   |   |   |- Guid:5FE7584649BB6F09265329A6C57CFD0D BaseClass: NativeClass:/Script/Engine.VolumetricCloud Name:VolumetricCloud_0 Label:VolumetricCloud SpatiallyLoaded:0 Bounds:IsValid=true, Min=(X=0.000 Y=0.000 Z=820.000), Max=(X=0.000 Y=0.000 Z=820.000) RuntimeGrid:None EditorOnly:0 RuntimeOnly:0 HLODRelevant:0 ListedInSceneOutliner:1 IsMainWorldOnly:0 FolderPath:Lighting FolderGuid:0BA5F0A04EADB18E70D5B180D08FA34B
 |   |   |- [+] [ 16]
 |   |   |   |- Guid:61391D344900612A77DFC3BA3E354907 BaseClass: NativeClass:/Script/Engine.ExponentialHeightFog Name:ExponentialHeightFog_0 Label:ExponentialHeightFog SpatiallyLoaded:0 Bounds:IsValid=true, Min=(X=-5600.000 Y=-50.000 Z=-6850.000), Max=(X=-5600.000 Y=-50.000 Z=-6850.000) RuntimeGrid:None EditorOnly:0 RuntimeOnly:0 HLODRelevant:0 ListedInSceneOutliner:1 IsMainWorldOnly:0 FolderPath:Lighting FolderGuid:0BA5F0A04EADB18E70D5B180D08FA34B
 |   |   |- [+] [ 17]
 |   |   |   |- Guid:63BF18DF4084AC99A8BD98B9FC1C0BE1 BaseClass:/Game/FirstPerson/Blueprints/EnemySpawner.EnemySpawner_C NativeClass:/Script/Engine.Actor Name:EnemySpawner_C_UAID_004E01B86B12EF2F02_1084026195 Label:EnemySpawner3 SpatiallyLoaded:1 Bounds:IsValid=true, Min=(X=3750.000 Y=2350.000 Z=1260.000), Max=(X=3850.000 Y=2450.000 Z=1360.000) RuntimeGrid:None EditorOnly:0 RuntimeOnly:0 HLODRelevant:0 ListedInSceneOutliner:1 IsMainWorldOnly:0
 |   |   |- [+] [ 18]
 |   |   |   |- Guid:6FEFB3BD4EB37B849EF0D4AC80F83855 BaseClass: NativeClass:/Script/Engine.WorldDataLayers Name:WorldDataLayers Label:WorldDataLayers SpatiallyLoaded:0 Bounds:IsValid=true, Min=(X=0.000 Y=0.000 Z=0.000), Max=(X=0.000 Y=0.000 Z=0.000) RuntimeGrid:None EditorOnly:0 RuntimeOnly:0 HLODRelevant:0 ListedInSceneOutliner:1 IsMainWorldOnly:1
 |   |   |- [+] [ 19]
 |   |   |   |- Guid:763211164664FEFDB4D20D8D095B1D6F BaseClass:/Game/FirstPerson/Blueprints/EnemySpawner.EnemySpawner_C NativeClass:/Script/Engine.Actor Name:EnemySpawner_C_UAID_004E01B86B12EF2F02_1079048194 Label:EnemySpawner2 SpatiallyLoaded:1 Bounds:IsValid=true, Min=(X=3530.000 Y=2120.000 Z=1420.000), Max=(X=3630.000 Y=2220.000 Z=1520.000) RuntimeGrid:None EditorOnly:0 RuntimeOnly:0 HLODRelevant:0 ListedInSceneOutliner:1 IsMainWorldOnly:0
 |   |   |- [+] [ 20]
 |   |   |   |- Guid:798C8C3D4F5AF511CFF763886E550E72 BaseClass: NativeClass:/Script/NavigationSystem.RecastNavMesh Name:RecastNavMesh_UAID_004E01B86B12C02D02-Default Label:RecastNavMesh-Default SpatiallyLoaded:0 Bounds:IsValid=true, Min=(X=0.000 Y=0.000 Z=0.000), Max=(X=0.000 Y=0.000 Z=0.000) RuntimeGrid:None EditorOnly:0 RuntimeOnly:0 HLODRelevant:0 ListedInSceneOutliner:1 IsMainWorldOnly:0
 |   |   |- [+] [ 21]
 |   |   |   |- Guid:7DC6180347CE3E53E2115A806243FF17 BaseClass: NativeClass:/Script/Engine.StaticMeshActor Name:StaticMeshActor_UAID_004E01B86B12203202_1965687946 Label:Cube8 SpatiallyLoaded:1 Bounds:IsValid=true, Min=(X=-112.500 Y=140.000 Z=40.000), Max=(X=-87.500 Y=3440.000 Z=2040.000) RuntimeGrid:None EditorOnly:0 RuntimeOnly:0 HLODRelevant:1 ListedInSceneOutliner:1 IsMainWorldOnly:0
 |   |   |- [+] [ 22]
 |   |   |   |- Guid:883BFBDF47D8809B1277A1BE22EF154C BaseClass: NativeClass:/Script/Engine.StaticMeshActor Name:StaticMeshActor_UAID_004E01B86B12203202_1606866938 Label:Cube6 SpatiallyLoaded:1 Bounds:IsValid=true, Min=(X=1680.000 Y=107.500 Z=40.000), Max=(X=3180.000 Y=132.500 Z=2040.000) RuntimeGrid:None EditorOnly:0 RuntimeOnly:0 HLODRelevant:1 ListedInSceneOutliner:1 IsMainWorldOnly:0
 |   |   |- [+] [ 23]
 |   |   |   |- Guid:8EA7D91245480CB45C6184AD461B9302 BaseClass: NativeClass:/Script/Engine.StaticMeshActor Name:StaticMeshActor_UAID_004E01B86B121E3202_1856641576 Label:Stairs2 SpatiallyLoaded:1 Bounds:IsValid=true, Min=(X=1800.000 Y=650.000 Z=90.000), Max=(X=3000.000 Y=1150.000 Z=890.000) RuntimeGrid:None EditorOnly:0 RuntimeOnly:0 HLODRelevant:1 ListedInSceneOutliner:1 IsMainWorldOnly:0
 |   |   |- [+] [ 24]
 |   |   |   |- Guid:8F764BCB4A4FFD7EB6DE01A40BF344BE BaseClass:/Game/FirstPerson/Blueprints/EnemySpawner.EnemySpawner_C NativeClass:/Script/Engine.Actor Name:EnemySpawner_C_UAID_00BE43BE4B3E293202_1202278518 Label:EnemySpawner9 SpatiallyLoaded:1 Bounds:IsValid=true, Min=(X=3820.000 Y=1410.000 Z=1340.000), Max=(X=3920.000 Y=1510.000 Z=1440.000) RuntimeGrid:None EditorOnly:0 RuntimeOnly:0 HLODRelevant:0 ListedInSceneOutliner:1 IsMainWorldOnly:0
 |   |   |- [+] [ 25]
 |   |   |   |- Guid:8FAFDA6B4E11856B1DDBD9A252ADB1A4 BaseClass:/Game/FirstPerson/Blueprints/EnemySpawner.EnemySpawner_C NativeClass:/Script/Engine.Actor Name:EnemySpawner_C_UAID_00BE43BE4B3E293202_1196755514 Label:EnemySpawner5 SpatiallyLoaded:1 Bounds:IsValid=true, Min=(X=3780.000 Y=1530.000 Z=1190.000), Max=(X=3880.000 Y=1630.000 Z=1290.000) RuntimeGrid:None EditorOnly:0 RuntimeOnly:0 HLODRelevant:0 ListedInSceneOutliner:1 IsMainWorldOnly:0
 |   |   |- [+] [ 26]
 |   |   |   |- Guid:91C63FB14CD98AB7B8FBF4873FDE4B43 BaseClass: NativeClass:/Script/Engine.StaticMeshActor Name:StaticMeshActor_42 Label:SM_Ramp5 SpatiallyLoaded:1 Bounds:IsValid=true, Min=(X=1800.000 Y=1900.000 Z=0.000), Max=(X=2900.000 Y=2000.000 Z=200.000) RuntimeGrid:None EditorOnly:0 RuntimeOnly:0 HLODRelevant:1 ListedInSceneOutliner:1 IsMainWorldOnly:0 FolderPath:Block02 FolderGuid:275232DB4A90E8B2799B29BD69C59B9E
 |   |   |- [+] [ 27]
 |   |   |   |- Guid:929AEBFD491BFF8F99C88193401EBAD9 BaseClass: NativeClass:/Script/Engine.StaticMeshActor Name:StaticMeshActor_UAID_004E01B86B121E3202_1835283575 Label:Stairs SpatiallyLoaded:1 Bounds:IsValid=true, Min=(X=1800.000 Y=150.000 Z=90.000), Max=(X=3000.000 Y=650.000 Z=890.000) RuntimeGrid:None EditorOnly:0 RuntimeOnly:0 HLODRelevant:1 ListedInSceneOutliner:1 IsMainWorldOnly:0
 |   |   |- [+] [ 28]
 |   |   |   |- Guid:A354B1B24E617A525DC6B48CCDE2417E BaseClass: NativeClass:/Script/Engine.PlayerStart Name:PlayerStart_0 Label:PlayerStart SpatiallyLoaded:0 Bounds:IsValid=true, Min=(X=860.000 Y=810.000 Z=110.013), Max=(X=940.000 Y=890.000 Z=294.013) RuntimeGrid:None EditorOnly:0 RuntimeOnly:0 HLODRelevant:0 ListedInSceneOutliner:1 IsMainWorldOnly:0
 |   |   |- [+] [ 29]
 |   |   |   |- Guid:BD5C8ABB4636F5C74C138683F9C180EC BaseClass: NativeClass:/Script/Engine.StaticMeshActor Name:StaticMeshActor_UAID_004E01B86B12203202_1460067936 Label:Cube4 SpatiallyLoaded:1 Bounds:IsValid=true, Min=(X=-370.000 Y=107.500 Z=40.000), Max=(X=1130.000 Y=132.500 Z=2040.000) RuntimeGrid:None EditorOnly:0 RuntimeOnly:0 HLODRelevant:1 ListedInSceneOutliner:1 IsMainWorldOnly:0
 |   |   |- [+] [ 30]
 |   |   |   |- Guid:C0C56B9644AE3D40CAFF6A878DB29844 BaseClass: NativeClass:/Script/Engine.StaticMeshActor Name:StaticMeshActor_UAID_A4AE111137DC5EFB00_2001720423 Label:SM_SkySphere SpatiallyLoaded:0 Bounds:IsValid=true, Min=(X=-1638400.000 Y=-1638400.000 Z=-1638400.000), Max=(X=1638400.000 Y=1638400.000 Z=1638400.000) RuntimeGrid:None EditorOnly:0 RuntimeOnly:0 HLODRelevant:1 ListedInSceneOutliner:1 IsMainWorldOnly:0 FolderPath:Lighting FolderGuid:0BA5F0A04EADB18E70D5B180D08FA34B
 |   |   |- [+] [ 31]
 |   |   |   |- Guid:C22CE07C4B87D685137FDBBC10FC92C6 BaseClass: NativeClass:/Script/Engine.SkyAtmosphere Name:SkyAtmosphere_0 Label:SkyAtmosphere SpatiallyLoaded:0 Bounds:IsValid=true, Min=(X=0.000 Y=0.000 Z=1020.000), Max=(X=0.000 Y=0.000 Z=1020.000) RuntimeGrid:None EditorOnly:0 RuntimeOnly:0 HLODRelevant:0 ListedInSceneOutliner:1 IsMainWorldOnly:0 FolderPath:Lighting FolderGuid:0BA5F0A04EADB18E70D5B180D08FA34B
 |   |   |- [+] [ 32]
 |   |   |   |- Guid:CB45521448DBBD64DF44F58DEF6DA338 BaseClass:/Game/FirstPerson/Blueprints/room_parent_Child_room_spawn.room_parent_Child_room_spawn_C NativeClass:/Script/Engine.Actor Name:room_parent_Child_kitchen1_C_UAID_004E01B86B12B92D02_1985499575 Label:room_parent_Child_kitchen1 SpatiallyLoaded:1 Bounds:IsValid=true, Min=(X=856.640 Y=-983.360 Z=-22.000), Max=(X=2050.000 Y=183.360 Z=740.000) RuntimeGrid:None EditorOnly:0 RuntimeOnly:0 HLODRelevant:0 ListedInSceneOutliner:1 IsMainWorldOnly:0
 |   |   |- [+] [ 33]
 |   |   |   |- Guid:CE8D82634660FCDB3120E2B8D547C533 BaseClass: NativeClass:/Script/Engine.PostProcessVolume Name:PostProcessVolume_0 Label:PostProcessVolume SpatiallyLoaded:0 Bounds:IsValid=true, Min=(X=0.000 Y=0.000 Z=400.000), Max=(X=200.000 Y=200.000 Z=600.000) RuntimeGrid:None EditorOnly:0 RuntimeOnly:0 HLODRelevant:0 ListedInSceneOutliner:1 IsMainWorldOnly:0 FolderPath:Lighting FolderGuid:0BA5F0A04EADB18E70D5B180D08FA34B
 |   |   |- [+] [ 34]
 |   |   |   |- Guid:DA24A7CE4BC7FD840C4FC38ADEA88B31 BaseClass:/Game/FirstPerson/Blueprints/EnemySpawner.EnemySpawner_C NativeClass:/Script/Engine.Actor Name:EnemySpawner_C_UAID_00BE43BE4B3E293202_1202277517 Label:EnemySpawner8 SpatiallyLoaded:1 Bounds:IsValid=true, Min=(X=3580.000 Y=1740.000 Z=1340.000), Max=(X=3680.000 Y=1840.000 Z=1440.000) RuntimeGrid:None EditorOnly:0 RuntimeOnly:0 HLODRelevant:0 ListedInSceneOutliner:1 IsMainWorldOnly:0
 |   |   |- [+] [ 35]
 |   |   |   |- Guid:E5320C1B4FD9764CE7B54D8487AEC613 BaseClass: NativeClass:/Script/Engine.SkyLight Name:SkyLight_0 Label:SkyLight SpatiallyLoaded:0 Bounds:IsValid=true, Min=(X=0.000 Y=0.000 Z=690.000), Max=(X=0.000 Y=0.000 Z=690.000) RuntimeGrid:None EditorOnly:0 RuntimeOnly:0 HLODRelevant:0 ListedInSceneOutliner:1 IsMainWorldOnly:0 FolderPath:Lighting FolderGuid:0BA5F0A04EADB18E70D5B180D08FA34B
 |   |   |- [+] [ 36]
 |   |   |   |- Guid:EE66F4454A4A9F99393F559AB739C05E BaseClass:/Game/FirstPerson/Blueprints/BP_Pickup_Rifle.BP_Pickup_Rifle_C NativeClass:/Script/Engine.Actor Name:BP_Rifle_C_1 Label:BP_Pickup_Rifle SpatiallyLoaded:1 Bounds:IsValid=true, Min=(X=868.000 Y=818.000 Z=154.000), Max=(X=932.000 Y=907.440 Z=218.000) RuntimeGrid:None EditorOnly:0 RuntimeOnly:0 HLODRelevant:0 ListedInSceneOutliner:1 IsMainWorldOnly:0
 |   |   |- [+] [ 37]
 |   |   |   |- Guid:F109DDF34098232B6349278F8CD553A9 BaseClass:/Game/FirstPerson/Blueprints/EnemySpawner.EnemySpawner_C NativeClass:/Script/Engine.Actor Name:EnemySpawner_C_UAID_00BE43BE4B3E293202_1196757515 Label:EnemySpawner6 SpatiallyLoaded:1 Bounds:IsValid=true, Min=(X=4020.000 Y=1200.000 Z=1190.000), Max=(X=4120.000 Y=1300.000 Z=1290.000) RuntimeGrid:None EditorOnly:0 RuntimeOnly:0 HLODRelevant:0 ListedInSceneOutliner:1 IsMainWorldOnly:0
 |   |   |- [+] [ 38]
 |   |   |   |- Guid:F13C7FAB4B15C12FB16217932CE05D0E BaseClass: NativeClass:/Script/Engine.StaticMeshActor Name:StaticMeshActor_UAID_004E01B86B12203202_1762131943 Label:Stairs7 SpatiallyLoaded:1 Bounds:IsValid=true, Min=(X=1800.000 Y=2450.000 Z=90.000), Max=(X=3000.000 Y=2950.000 Z=890.000) RuntimeGrid:None EditorOnly:0 RuntimeOnly:0 HLODRelevant:1 ListedInSceneOutliner:1 IsMainWorldOnly:0
 |   |   |- [+] [ 39]
 |   |   |   |- Guid:F80621C9446867154938FE81375207DA BaseClass: NativeClass:/Script/Engine.DirectionalLight Name:DirectionalLight_1 Label:DirectionalLight SpatiallyLoaded:0 Bounds:IsValid=true, Min=(X=-1048576.000 Y=-1048576.000 Z=-1048576.000), Max=(X=1048576.000 Y=1048576.000 Z=1048576.000) RuntimeGrid:None EditorOnly:0 RuntimeOnly:0 HLODRelevant:0 ListedInSceneOutliner:1 IsMainWorldOnly:0 FolderPath:Lighting FolderGuid:0BA5F0A04EADB18E70D5B180D08FA34B
 |- ContainerInstances:
 |- [+] MainContainer:
 |   |-        ID: 00000000000000000000000000000000
 |   |-  ParentID: 00000000000000000000000000000000
 |   |-    Bounds: IsValid=false, Min=(X=0.000 Y=0.000 Z=0.000), Max=(X=0.000 Y=0.000 Z=0.000)
 |   |- Transform: 0.000000,0.000000,0.000000|0.000000,0.000000,-0.000000|1.000000,1.000000,1.000000
 |   |- Container: /Game/FirstPerson/Maps/FirstPersonMap
----------------------------------------------------------------------------------------------------------------
FirstPersonMap - Persistent Level
----------------------------------------------------------------------------------------------------------------
[+] Content of FirstPersonMap Persistent Level
 |- Always loaded Actor Count: 47 
 |- Actor Path: /Game/FirstPerson/Maps/FirstPersonMap.FirstPersonMap:PersistentLevel.AbstractNavData-Default
 |- Actor Package: /Game/FirstPerson/Maps/FirstPersonMap
 |- Actor Path: /Game/FirstPerson/Maps/FirstPersonMap.FirstPersonMap:PersistentLevel.BP_Rifle_C_1
 |- Actor Package: /Game/__ExternalActors__/FirstPerson/Maps/FirstPersonMap/5/8C/EAHCBN229IT8APJO305AH5
 |- Actor Path: /Game/FirstPerson/Maps/FirstPersonMap.FirstPersonMap:PersistentLevel.Brush_0
 |- Actor Package: /Game/FirstPerson/Maps/FirstPersonMap
 |- Actor Path: /Game/FirstPerson/Maps/FirstPersonMap.FirstPersonMap:PersistentLevel.DefaultPhysicsVolume_0
 |- Actor Package: /Game/FirstPerson/Maps/FirstPersonMap
 |- Actor Path: /Game/FirstPerson/Maps/FirstPersonMap.FirstPersonMap:PersistentLevel.DirectionalLight_1
 |- Actor Package: /Game/__ExternalActors__/FirstPerson/Maps/FirstPersonMap/0/WB/V4ALNTJYOVWM8BU452CKV5
 |- Actor Path: /Game/FirstPerson/Maps/FirstPersonMap.FirstPersonMap:PersistentLevel.EnemySpawner_C_UAID_004E01B86B12EC2F02_2016231665
 |- Actor Package: /Game/__ExternalActors__/FirstPerson/Maps/FirstPersonMap/8/FM/XT2B7JHD5F7O39W7E8TMN8
 |- Actor Path: /Game/FirstPerson/Maps/FirstPersonMap.FirstPersonMap:PersistentLevel.EnemySpawner_C_UAID_004E01B86B12EF2F02_1079048194
 |- Actor Package: /Game/__ExternalActors__/FirstPerson/Maps/FirstPersonMap/5/3O/17FQ9REWQ49VL7CWA90PQS
 |- Actor Path: /Game/FirstPerson/Maps/FirstPersonMap.FirstPersonMap:PersistentLevel.EnemySpawner_C_UAID_004E01B86B12EF2F02_1084026195
 |- Actor Package: /Game/__ExternalActors__/FirstPerson/Maps/FirstPersonMap/3/3D/H24P2X8R9GWU5F4FN4YUSF
 |- Actor Path: /Game/FirstPerson/Maps/FirstPersonMap.FirstPersonMap:PersistentLevel.EnemySpawner_C_UAID_00BE43BE4B3E293202_1196751513
 |- Actor Package: /Game/__ExternalActors__/FirstPerson/Maps/FirstPersonMap/0/RW/NE1RBOM4B4E4BX5LN3806V
 |- Actor Path: /Game/FirstPerson/Maps/FirstPersonMap.FirstPersonMap:PersistentLevel.EnemySpawner_C_UAID_00BE43BE4B3E293202_1196755514
 |- Actor Package: /Game/__ExternalActors__/FirstPerson/Maps/FirstPersonMap/0/AX/L43QWY706LKVFGHNQX8J1K
 |- Actor Path: /Game/FirstPerson/Maps/FirstPersonMap.FirstPersonMap:PersistentLevel.EnemySpawner_C_UAID_00BE43BE4B3E293202_1196757515
 |- Actor Package: /Game/__ExternalActors__/FirstPerson/Maps/FirstPersonMap/2/PX/GAQOGERB48OTQBWQCTWVGA
 |- Actor Path: /Game/FirstPerson/Maps/FirstPersonMap.FirstPersonMap:PersistentLevel.EnemySpawner_C_UAID_00BE43BE4B3E293202_1202275516
 |- Actor Package: /Game/__ExternalActors__/FirstPerson/Maps/FirstPersonMap/A/Z0/TFGDNXSS73LWVFYU0LG6J6
 |- Actor Path: /Game/FirstPerson/Maps/FirstPersonMap.FirstPersonMap:PersistentLevel.EnemySpawner_C_UAID_00BE43BE4B3E293202_1202277517
 |- Actor Package: /Game/__ExternalActors__/FirstPerson/Maps/FirstPersonMap/2/BW/F50UJ6VNPM0OLK1IG2FJTY
 |- Actor Path: /Game/FirstPerson/Maps/FirstPersonMap.FirstPersonMap:PersistentLevel.EnemySpawner_C_UAID_00BE43BE4B3E293202_1202278518
 |- Actor Package: /Game/__ExternalActors__/FirstPerson/Maps/FirstPersonMap/3/Y7/G9HTCNEEUUDNRG9TGGJ09R
 |- Actor Path: /Game/FirstPerson/Maps/FirstPersonMap.FirstPersonMap:PersistentLevel.ExponentialHeightFog_0
 |- Actor Package: /Game/__ExternalActors__/FirstPerson/Maps/FirstPersonMap/0/CL/381LM03PFI8AF9NED1SEV2
 |- Actor Path: /Game/FirstPerson/Maps/FirstPersonMap.FirstPersonMap:PersistentLevel.FirstPersonExampleMap_C_1
 |- Actor Package: /Game/FirstPerson/Maps/FirstPersonMap
 |- Actor Path: /Game/FirstPerson/Maps/FirstPersonMap.FirstPersonMap:PersistentLevel.GameplayDebuggerPlayerManager_0
 |- Actor Package: /Game/FirstPerson/Maps/FirstPersonMap
 |- Actor Path: /Game/FirstPerson/Maps/FirstPersonMap.FirstPersonMap:PersistentLevel.NavMeshBoundsVolume_UAID_004E01B86B12C02D02_1868785809
 |- Actor Package: /Game/__ExternalActors__/FirstPerson/Maps/FirstPersonMap/A/K2/RKB7ZAYRXU7ZY98YFQAX7L
 |- Actor Path: /Game/FirstPerson/Maps/FirstPersonMap.FirstPersonMap:PersistentLevel.PlayerStart_0
 |- Actor Package: /Game/__ExternalActors__/FirstPerson/Maps/FirstPersonMap/8/Z7/W1SXRCM1KAKBJOIZDLHZ47
 |- Actor Path: /Game/FirstPerson/Maps/FirstPersonMap.FirstPersonMap:PersistentLevel.PostProcessVolume_0
 |- Actor Package: /Game/__ExternalActors__/FirstPerson/Maps/FirstPersonMap/E/MX/R1GV431P5FDO08OFULRA01
 |- Actor Path: /Game/FirstPerson/Maps/FirstPersonMap.FirstPersonMap:PersistentLevel.RecastNavMesh_UAID_004E01B86B12C02D02-Default
 |- Actor Package: /Game/__ExternalActors__/FirstPerson/Maps/FirstPersonMap/9/0K/4SHDX6I1I7SGPPBLRYMYVN
 |- Actor Path: /Game/FirstPerson/Maps/FirstPersonMap.FirstPersonMap:PersistentLevel.room_parent_Child_kitchen1_C_UAID_004E01B86B12B92D02_1985499575
 |- Actor Package: /Game/__ExternalActors__/FirstPerson/Maps/FirstPersonMap/6/1B/6SGRQIWKPU2P61TD57NO2F
 |- Actor Path: /Game/FirstPerson/Maps/FirstPersonMap.FirstPersonMap:PersistentLevel.SkyAtmosphere_0
 |- Actor Package: /Game/__ExternalActors__/FirstPerson/Maps/FirstPersonMap/C/VO/VMN4G7K3NKKV6F8HTPHHDB
 |- Actor Path: /Game/FirstPerson/Maps/FirstPersonMap.FirstPersonMap:PersistentLevel.SkyLight_0
 |- Actor Package: /Game/__ExternalActors__/FirstPerson/Maps/FirstPersonMap/6/0Z/5RQIHCZ9W3UXRGL4LTLQAK
 |- Actor Path: /Game/FirstPerson/Maps/FirstPersonMap.FirstPersonMap:PersistentLevel.StaticMeshActor_42
 |- Actor Package: /Game/__ExternalActors__/FirstPerson/Maps/FirstPersonMap/4/G2/DXY1ROMU8NVTUPH999VNGV
 |- Actor Path: /Game/FirstPerson/Maps/FirstPersonMap.FirstPersonMap:PersistentLevel.StaticMeshActor_UAID_004E01B86B121E3202_1835283575
 |- Actor Package: /Game/__ExternalActors__/FirstPerson/Maps/FirstPersonMap/E/HI/B0PIECNPLO34HPOFRQ8SX4
 |- Actor Path: /Game/FirstPerson/Maps/FirstPersonMap.FirstPersonMap:PersistentLevel.StaticMeshActor_UAID_004E01B86B121E3202_1856641576
 |- Actor Package: /Game/__ExternalActors__/FirstPerson/Maps/FirstPersonMap/4/PQ/21K6EJW8JOG3Y0LN4BVLBL
 |- Actor Path: /Game/FirstPerson/Maps/FirstPersonMap.FirstPersonMap:PersistentLevel.StaticMeshActor_UAID_004E01B86B121E3202_1957498577
 |- Actor Package: /Game/__ExternalActors__/FirstPerson/Maps/FirstPersonMap/B/X3/QIPE16TYALN2ROSFAAYRMR
 |- Actor Path: /Game/FirstPerson/Maps/FirstPersonMap.FirstPersonMap:PersistentLevel.StaticMeshActor_UAID_004E01B86B121F3202_1577172755
 |- Actor Package: /Game/__ExternalActors__/FirstPerson/Maps/FirstPersonMap/C/5L/IMYU6CCV6CFWF8EO0SL09F
 |- Actor Path: /Game/FirstPerson/Maps/FirstPersonMap.FirstPersonMap:PersistentLevel.StaticMeshActor_UAID_004E01B86B12203202_1403983935
 |- Actor Package: /Game/__ExternalActors__/FirstPerson/Maps/FirstPersonMap/1/KC/IK6JJ48ON0UZXQBR95MHNO
 |- Actor Path: /Game/FirstPerson/Maps/FirstPersonMap.FirstPersonMap:PersistentLevel.StaticMeshActor_UAID_004E01B86B12203202_1460067936
 |- Actor Package: /Game/__ExternalActors__/FirstPerson/Maps/FirstPersonMap/0/Q8/K58W7OIQ9000M9108BI4RH
 |- Actor Path: /Game/FirstPerson/Maps/FirstPersonMap.FirstPersonMap:PersistentLevel.StaticMeshActor_UAID_004E01B86B12203202_1606866938
 |- Actor Package: /Game/__ExternalActors__/FirstPerson/Maps/FirstPersonMap/2/9L/6BA4GR2HHUFN29GNLHCFPA
 |- Actor Path: /Game/FirstPerson/Maps/FirstPersonMap.FirstPersonMap:PersistentLevel.StaticMeshActor_UAID_004E01B86B12203202_1712917940
 |- Actor Package: /Game/__ExternalActors__/FirstPerson/Maps/FirstPersonMap/B/TS/1NNQ7W5AJ6NJGTYMBYGCJN
 |- Actor Path: /Game/FirstPerson/Maps/FirstPersonMap.FirstPersonMap:PersistentLevel.StaticMeshActor_UAID_004E01B86B12203202_1762130942
 |- Actor Package: /Game/__ExternalActors__/FirstPerson/Maps/FirstPersonMap/6/5O/T62VIQOGRN3OTZ8TT50891
 |- Actor Path: /Game/FirstPerson/Maps/FirstPersonMap.FirstPersonMap:PersistentLevel.StaticMeshActor_UAID_004E01B86B12203202_1762131943
 |- Actor Package: /Game/__ExternalActors__/FirstPerson/Maps/FirstPersonMap/5/IR/ML565JECY5W0GK3SCH09V0
 |- Actor Path: /Game/FirstPerson/Maps/FirstPersonMap.FirstPersonMap:PersistentLevel.StaticMeshActor_UAID_004E01B86B12203202_1762132944
 |- Actor Package: /Game/__ExternalActors__/FirstPerson/Maps/FirstPersonMap/C/O5/DETKMRT6F8YRDFQP1QOQ52
 |- Actor Path: /Game/FirstPerson/Maps/FirstPersonMap.FirstPersonMap:PersistentLevel.StaticMeshActor_UAID_004E01B86B12203202_1965687946
 |- Actor Package: /Game/__ExternalActors__/FirstPerson/Maps/FirstPersonMap/C/V6/62XAO5G800O7HZZGNYQO3S
 |- Actor Path: /Game/FirstPerson/Maps/FirstPersonMap.FirstPersonMap:PersistentLevel.StaticMeshActor_UAID_004E01B86B12203202_2065306947
 |- Actor Package: /Game/__ExternalActors__/FirstPerson/Maps/FirstPersonMap/3/PP/9O4ME1PBPZOBFVKUYCDGZL
 |- Actor Path: /Game/FirstPerson/Maps/FirstPersonMap.FirstPersonMap:PersistentLevel.StaticMeshActor_UAID_004E01B86B12203202_2095525948
 |- Actor Package: /Game/__ExternalActors__/FirstPerson/Maps/FirstPersonMap/C/6X/MOOCVOSONPPUOIT5GPVW5K
 |- Actor Path: /Game/FirstPerson/Maps/FirstPersonMap.FirstPersonMap:PersistentLevel.StaticMeshActor_UAID_004E01B86B12203202_2132540949
 |- Actor Package: /Game/__ExternalActors__/FirstPerson/Maps/FirstPersonMap/3/K1/QL9J7LFB69C89HASYMZ74Y
 |- Actor Path: /Game/FirstPerson/Maps/FirstPersonMap.FirstPersonMap:PersistentLevel.StaticMeshActor_UAID_00BE43BE4B3E273202_1979353159
 |- Actor Package: /Game/__ExternalActors__/FirstPerson/Maps/FirstPersonMap/0/K8/USKWB6QM05MVJJ4OI687MA
 |- Actor Path: /Game/FirstPerson/Maps/FirstPersonMap.FirstPersonMap:PersistentLevel.StaticMeshActor_UAID_00BE43BE4B3E273202_1979359160
 |- Actor Package: /Game/__ExternalActors__/FirstPerson/Maps/FirstPersonMap/3/S1/SUB2MMXLXKAA0C21TG8JDP
 |- Actor Path: /Game/FirstPerson/Maps/FirstPersonMap.FirstPersonMap:PersistentLevel.StaticMeshActor_UAID_A4AE111137DC5EFB00_2001720423
 |- Actor Package: /Game/__ExternalActors__/FirstPerson/Maps/FirstPersonMap/C/ZU/PDQ0AB8RLNMVID876FD49G
 |- Actor Path: /Game/FirstPerson/Maps/FirstPersonMap.FirstPersonMap:PersistentLevel.VolumetricCloud_0
 |- Actor Package: /Game/__ExternalActors__/FirstPerson/Maps/FirstPersonMap/0/GO/I8WEFD3RY9V3NVQLSU6QM4
 |- Actor Path: /Game/FirstPerson/Maps/FirstPersonMap.FirstPersonMap:PersistentLevel.WorldDataLayers
 |- Actor Package: /Game/__ExternalActors__/FirstPerson/Maps/FirstPersonMap/D/0W/E1FKEGVKGOLM7HGLQPCIPO
 |- Actor Path: /Game/FirstPerson/Maps/FirstPersonMap.FirstPersonMap:PersistentLevel.WorldInfo_0
 |- Actor Package: /Game/FirstPerson/Maps/FirstPersonMap
 |- Actor Path: /Game/FirstPerson/Maps/FirstPersonMap.FirstPersonMap:PersistentLevel.WorldPartitionMiniMap_0
 |- Actor Package: /Game/__ExternalActors__/FirstPerson/Maps/FirstPersonMap/4/CR/SRVPLA8UNZ8XIIP0E036DI

----------------------------------------------------------------------------------------------------------------
FirstPersonMap - Runtime Spatial Hash - Streaming Grid - MainGrid
----------------------------------------------------------------------------------------------------------------
            Origin: X=0.000 Y=0.000 Z=0.000
         Cell Size: 12800
      World Bounds: IsValid=false, Min=(X=0.000 Y=0.000 Z=0.000), Max=(X=0.000 Y=0.000 Z=0.000)
     Loading Range: 25600.00
Block Slow Loading: No
 ClientOnlyVisible: No
            Origin: X=0.000 Y=0.000 Z=0.000

[+] Grid Levels: 1
 |- Level  0: Cell Count    0 | Cell Size   12800 | Actor Count    0 (0.0%)

[+] Content of Grid Level 0

